<?xml version="1.0" encoding="UTF-8"?>
<robot generator="Robot 4.0 (Python 3.8.5 on linux)" generated="20210324 19:02:28.589" rpa="false" schemaversion="2">
<suite id="s1" name="Tests" source="/home/ville/Desktop/conduit-robot-framework/Tests">
<suite id="s1-s1" name="Invalid-Login" source="/home/ville/Desktop/conduit-robot-framework/Tests/invalid-login.robot">
<kw name="Open Browser To Homepage" library="resource" type="SETUP">
<kw name="Open Browser" library="Browser">
<arg>${HOME_URL}</arg>
<tag>BrowserControl</tag>
<tag>Setter</tag>
<doc>Opens a new browser instance. Use this keyword for quick experiments or debugging sessions.
Use `New Page` directly instead of `Open Browser` for production and automated execution.
See `Browser, Context and Page` for more information about Browser and related concepts.</doc>
<msg timestamp="20210324 19:02:28.935" level="WARN">Open Browser is for quick experimentation and debugging only. Use New Page for production.</msg>
<msg timestamp="20210324 19:02:28.935" level="INFO">{"browser": "chromium", "headless": false, "handleSIGINT": true, "handleSIGTERM": true, "handleSIGHUP": true, "timeout": 30000.0, "devtools": false, "slowMo": 0.0}</msg>
<msg timestamp="20210324 19:02:29.127" level="INFO">Successfully created browser with options: {"browser":"chromium","headless":false,"handleSIGINT":true,"handleSIGTERM":true,"handleSIGHUP":true,"timeout":30000,"devtools":false,"slowMo":0}</msg>
<msg timestamp="20210324 19:02:29.127" level="INFO">{"acceptDownloads": false, "ignoreHTTPSErrors": false, "bypassCSP": false, "deviceScaleFactor": 1.0, "isMobile": false, "hasTouch": false, "javaScriptEnabled": true, "offline": false, "hideRfBrowser": false}</msg>
<msg timestamp="20210324 19:02:29.135" level="INFO">Successfully created context with options: {"acceptDownloads":false,"ignoreHTTPSErrors":false,"bypassCSP":false,"deviceScaleFactor":1,"isMobile":false,"hasTouch":false,"javaScriptEnabled":true,"offline":false,"hideRfBrowser":false}</msg>
<msg timestamp="20210324 19:02:30.063" level="INFO">Successfully initialized new page object and opened url: https://vm3212.kaj.pouta.csc.fi/</msg>
<status status="PASS" starttime="20210324 19:02:28.935" endtime="20210324 19:02:30.063"/>
</kw>
<kw name="Get Text" library="Browser">
<arg>a.navbar-brand</arg>
<arg>==</arg>
<arg>conduit</arg>
<tag>Assertion</tag>
<tag>Getter</tag>
<tag>PageContent</tag>
<doc>Returns text attribute of the element found by ``selector``.
See the `Finding elements` section for details about the selectors.</doc>
<status status="PASS" starttime="20210324 19:02:30.063" endtime="20210324 19:02:30.120"/>
</kw>
<status status="PASS" starttime="20210324 19:02:28.934" endtime="20210324 19:02:30.120"/>
</kw>
<test id="s1-s1-t1" name="Empty Email and Empty Password">
<kw name="Go To Login Page" library="resource" type="SETUP">
<kw name="Go To" library="Browser">
<arg>${LOGIN_URL}</arg>
<tag>BrowserControl</tag>
<tag>Setter</tag>
<doc>Navigates to the given ``url``.</doc>
<msg timestamp="20210324 19:02:30.260" level="INFO">Succesfully opened URL https://vm3212.kaj.pouta.csc.fi/login</msg>
<status status="PASS" starttime="20210324 19:02:30.129" endtime="20210324 19:02:30.260"/>
</kw>
<kw name="Get Text" library="Browser">
<arg>button.btn-primary</arg>
<arg>==</arg>
<arg>Sign in</arg>
<tag>Assertion</tag>
<tag>Getter</tag>
<tag>PageContent</tag>
<doc>Returns text attribute of the element found by ``selector``.
See the `Finding elements` section for details about the selectors.</doc>
<status status="PASS" starttime="20210324 19:02:30.260" endtime="20210324 19:02:30.280"/>
</kw>
<status status="PASS" starttime="20210324 19:02:30.129" endtime="20210324 19:02:30.280"/>
</kw>
<kw name="Login Should Fail">
<arg>${empty}</arg>
<arg>${empty}</arg>
<kw name="Input Email" library="resource">
<arg>${email}</arg>
<kw name="Type Text" library="Browser">
<arg>css=[placeholder="Email"]</arg>
<arg>${email}</arg>
<tag>PageContent</tag>
<tag>Setter</tag>
<doc>Types the given ``txt`` into the text field found by ``selector``.</doc>
<msg timestamp="20210324 19:02:30.281" level="INFO">Types the text '' in the given field.</msg>
<status status="PASS" starttime="20210324 19:02:30.281" endtime="20210324 19:02:30.299"/>
</kw>
<status status="PASS" starttime="20210324 19:02:30.281" endtime="20210324 19:02:30.300"/>
</kw>
<kw name="Input Password" library="resource">
<arg>${password}</arg>
<kw name="Type Text" library="Browser">
<arg>css=[placeholder="Password"]</arg>
<arg>${password}</arg>
<tag>PageContent</tag>
<tag>Setter</tag>
<doc>Types the given ``txt`` into the text field found by ``selector``.</doc>
<msg timestamp="20210324 19:02:30.300" level="INFO">Types the text '' in the given field.</msg>
<status status="PASS" starttime="20210324 19:02:30.300" endtime="20210324 19:02:30.313"/>
</kw>
<status status="PASS" starttime="20210324 19:02:30.300" endtime="20210324 19:02:30.313"/>
</kw>
<kw name="Submit" library="resource">
<kw name="Click" library="Browser">
<arg>css=[type="submit"]</arg>
<tag>PageContent</tag>
<tag>Setter</tag>
<doc>Simulates mouse click on the element found by ``selector``.</doc>
<status status="PASS" starttime="20210324 19:02:30.314" endtime="20210324 19:02:30.337"/>
</kw>
<status status="PASS" starttime="20210324 19:02:30.313" endtime="20210324 19:02:30.337"/>
</kw>
<kw name="Invalid Email Or Password" library="resource">
<kw name="Get Element" library="Browser">
<arg>css=[class="error-messages"]</arg>
<tag>Getter</tag>
<tag>PageContent</tag>
<doc>Returns a reference to a Playwright element handle.</doc>
<status status="PASS" starttime="20210324 19:02:30.338" endtime="20210324 19:02:30.430"/>
</kw>
<status status="PASS" starttime="20210324 19:02:30.337" endtime="20210324 19:02:30.430"/>
</kw>
<status status="PASS" starttime="20210324 19:02:30.281" endtime="20210324 19:02:30.430"/>
</kw>
<status status="PASS" starttime="20210324 19:02:30.121" endtime="20210324 19:02:30.431"/>
</test>
<test id="s1-s1-t2" name="Empty Email and Invalid Password">
<kw name="Go To Login Page" library="resource" type="SETUP">
<kw name="Go To" library="Browser">
<arg>${LOGIN_URL}</arg>
<tag>BrowserControl</tag>
<tag>Setter</tag>
<doc>Navigates to the given ``url``.</doc>
<msg timestamp="20210324 19:02:30.540" level="INFO">Succesfully opened URL https://vm3212.kaj.pouta.csc.fi/login</msg>
<status status="PASS" starttime="20210324 19:02:30.443" endtime="20210324 19:02:30.540"/>
</kw>
<kw name="Get Text" library="Browser">
<arg>button.btn-primary</arg>
<arg>==</arg>
<arg>Sign in</arg>
<tag>Assertion</tag>
<tag>Getter</tag>
<tag>PageContent</tag>
<doc>Returns text attribute of the element found by ``selector``.
See the `Finding elements` section for details about the selectors.</doc>
<status status="PASS" starttime="20210324 19:02:30.540" endtime="20210324 19:02:30.564"/>
</kw>
<status status="PASS" starttime="20210324 19:02:30.443" endtime="20210324 19:02:30.564"/>
</kw>
<kw name="Login Should Fail">
<arg>${empty}</arg>
<arg>${invalid-password}</arg>
<kw name="Input Email" library="resource">
<arg>${email}</arg>
<kw name="Type Text" library="Browser">
<arg>css=[placeholder="Email"]</arg>
<arg>${email}</arg>
<tag>PageContent</tag>
<tag>Setter</tag>
<doc>Types the given ``txt`` into the text field found by ``selector``.</doc>
<msg timestamp="20210324 19:02:30.565" level="INFO">Types the text '' in the given field.</msg>
<status status="PASS" starttime="20210324 19:02:30.565" endtime="20210324 19:02:30.583"/>
</kw>
<status status="PASS" starttime="20210324 19:02:30.565" endtime="20210324 19:02:30.583"/>
</kw>
<kw name="Input Password" library="resource">
<arg>${password}</arg>
<kw name="Type Text" library="Browser">
<arg>css=[placeholder="Password"]</arg>
<arg>${password}</arg>
<tag>PageContent</tag>
<tag>Setter</tag>
<doc>Types the given ``txt`` into the text field found by ``selector``.</doc>
<msg timestamp="20210324 19:02:30.584" level="INFO">Types the text 'invalid' in the given field.</msg>
<status status="PASS" starttime="20210324 19:02:30.583" endtime="20210324 19:02:30.615"/>
</kw>
<status status="PASS" starttime="20210324 19:02:30.583" endtime="20210324 19:02:30.615"/>
</kw>
<kw name="Submit" library="resource">
<kw name="Click" library="Browser">
<arg>css=[type="submit"]</arg>
<tag>PageContent</tag>
<tag>Setter</tag>
<doc>Simulates mouse click on the element found by ``selector``.</doc>
<status status="PASS" starttime="20210324 19:02:30.616" endtime="20210324 19:02:30.642"/>
</kw>
<status status="PASS" starttime="20210324 19:02:30.616" endtime="20210324 19:02:30.643"/>
</kw>
<kw name="Invalid Email Or Password" library="resource">
<kw name="Get Element" library="Browser">
<arg>css=[class="error-messages"]</arg>
<tag>Getter</tag>
<tag>PageContent</tag>
<doc>Returns a reference to a Playwright element handle.</doc>
<status status="PASS" starttime="20210324 19:02:30.643" endtime="20210324 19:02:30.714"/>
</kw>
<status status="PASS" starttime="20210324 19:02:30.643" endtime="20210324 19:02:30.714"/>
</kw>
<status status="PASS" starttime="20210324 19:02:30.564" endtime="20210324 19:02:30.715"/>
</kw>
<status status="PASS" starttime="20210324 19:02:30.437" endtime="20210324 19:02:30.715"/>
</test>
<test id="s1-s1-t3" name="Empty Email and Valid Password">
<kw name="Go To Login Page" library="resource" type="SETUP">
<kw name="Go To" library="Browser">
<arg>${LOGIN_URL}</arg>
<tag>BrowserControl</tag>
<tag>Setter</tag>
<doc>Navigates to the given ``url``.</doc>
<msg timestamp="20210324 19:02:30.801" level="INFO">Succesfully opened URL https://vm3212.kaj.pouta.csc.fi/login</msg>
<status status="PASS" starttime="20210324 19:02:30.733" endtime="20210324 19:02:30.801"/>
</kw>
<kw name="Get Text" library="Browser">
<arg>button.btn-primary</arg>
<arg>==</arg>
<arg>Sign in</arg>
<tag>Assertion</tag>
<tag>Getter</tag>
<tag>PageContent</tag>
<doc>Returns text attribute of the element found by ``selector``.
See the `Finding elements` section for details about the selectors.</doc>
<status status="PASS" starttime="20210324 19:02:30.801" endtime="20210324 19:02:30.822"/>
</kw>
<status status="PASS" starttime="20210324 19:02:30.732" endtime="20210324 19:02:30.822"/>
</kw>
<kw name="Login Should Fail">
<arg>${empty}</arg>
<arg>${valid-password}</arg>
<kw name="Input Email" library="resource">
<arg>${email}</arg>
<kw name="Type Text" library="Browser">
<arg>css=[placeholder="Email"]</arg>
<arg>${email}</arg>
<tag>PageContent</tag>
<tag>Setter</tag>
<doc>Types the given ``txt`` into the text field found by ``selector``.</doc>
<msg timestamp="20210324 19:02:30.823" level="INFO">Types the text '' in the given field.</msg>
<status status="PASS" starttime="20210324 19:02:30.823" endtime="20210324 19:02:30.836"/>
</kw>
<status status="PASS" starttime="20210324 19:02:30.823" endtime="20210324 19:02:30.836"/>
</kw>
<kw name="Input Password" library="resource">
<arg>${password}</arg>
<kw name="Type Text" library="Browser">
<arg>css=[placeholder="Password"]</arg>
<arg>${password}</arg>
<tag>PageContent</tag>
<tag>Setter</tag>
<doc>Types the given ``txt`` into the text field found by ``selector``.</doc>
<msg timestamp="20210324 19:02:30.837" level="INFO">Types the text 'testi' in the given field.</msg>
<status status="PASS" starttime="20210324 19:02:30.836" endtime="20210324 19:02:30.857"/>
</kw>
<status status="PASS" starttime="20210324 19:02:30.836" endtime="20210324 19:02:30.857"/>
</kw>
<kw name="Submit" library="resource">
<kw name="Click" library="Browser">
<arg>css=[type="submit"]</arg>
<tag>PageContent</tag>
<tag>Setter</tag>
<doc>Simulates mouse click on the element found by ``selector``.</doc>
<status status="PASS" starttime="20210324 19:02:30.858" endtime="20210324 19:02:30.913"/>
</kw>
<status status="PASS" starttime="20210324 19:02:30.857" endtime="20210324 19:02:30.913"/>
</kw>
<kw name="Invalid Email Or Password" library="resource">
<kw name="Get Element" library="Browser">
<arg>css=[class="error-messages"]</arg>
<tag>Getter</tag>
<tag>PageContent</tag>
<doc>Returns a reference to a Playwright element handle.</doc>
<status status="PASS" starttime="20210324 19:02:30.914" endtime="20210324 19:02:30.972"/>
</kw>
<status status="PASS" starttime="20210324 19:02:30.913" endtime="20210324 19:02:30.972"/>
</kw>
<status status="PASS" starttime="20210324 19:02:30.822" endtime="20210324 19:02:30.972"/>
</kw>
<status status="PASS" starttime="20210324 19:02:30.724" endtime="20210324 19:02:30.973"/>
</test>
<test id="s1-s1-t4" name="Valid Email and Empty Password">
<kw name="Go To Login Page" library="resource" type="SETUP">
<kw name="Go To" library="Browser">
<arg>${LOGIN_URL}</arg>
<tag>BrowserControl</tag>
<tag>Setter</tag>
<doc>Navigates to the given ``url``.</doc>
<msg timestamp="20210324 19:02:31.068" level="INFO">Succesfully opened URL https://vm3212.kaj.pouta.csc.fi/login</msg>
<status status="PASS" starttime="20210324 19:02:30.990" endtime="20210324 19:02:31.068"/>
</kw>
<kw name="Get Text" library="Browser">
<arg>button.btn-primary</arg>
<arg>==</arg>
<arg>Sign in</arg>
<tag>Assertion</tag>
<tag>Getter</tag>
<tag>PageContent</tag>
<doc>Returns text attribute of the element found by ``selector``.
See the `Finding elements` section for details about the selectors.</doc>
<status status="PASS" starttime="20210324 19:02:31.068" endtime="20210324 19:02:31.087"/>
</kw>
<status status="PASS" starttime="20210324 19:02:30.989" endtime="20210324 19:02:31.088"/>
</kw>
<kw name="Login Should Fail">
<arg>${valid-email}</arg>
<arg>${empty}</arg>
<kw name="Input Email" library="resource">
<arg>${email}</arg>
<kw name="Type Text" library="Browser">
<arg>css=[placeholder="Email"]</arg>
<arg>${email}</arg>
<tag>PageContent</tag>
<tag>Setter</tag>
<doc>Types the given ``txt`` into the text field found by ``selector``.</doc>
<msg timestamp="20210324 19:02:31.088" level="INFO">Types the text 'testi1@testi.fi' in the given field.</msg>
<status status="PASS" starttime="20210324 19:02:31.088" endtime="20210324 19:02:31.121"/>
</kw>
<status status="PASS" starttime="20210324 19:02:31.088" endtime="20210324 19:02:31.121"/>
</kw>
<kw name="Input Password" library="resource">
<arg>${password}</arg>
<kw name="Type Text" library="Browser">
<arg>css=[placeholder="Password"]</arg>
<arg>${password}</arg>
<tag>PageContent</tag>
<tag>Setter</tag>
<doc>Types the given ``txt`` into the text field found by ``selector``.</doc>
<msg timestamp="20210324 19:02:31.122" level="INFO">Types the text '' in the given field.</msg>
<status status="PASS" starttime="20210324 19:02:31.122" endtime="20210324 19:02:31.136"/>
</kw>
<status status="PASS" starttime="20210324 19:02:31.121" endtime="20210324 19:02:31.136"/>
</kw>
<kw name="Submit" library="resource">
<kw name="Click" library="Browser">
<arg>css=[type="submit"]</arg>
<tag>PageContent</tag>
<tag>Setter</tag>
<doc>Simulates mouse click on the element found by ``selector``.</doc>
<status status="PASS" starttime="20210324 19:02:31.137" endtime="20210324 19:02:31.152"/>
</kw>
<status status="PASS" starttime="20210324 19:02:31.136" endtime="20210324 19:02:31.152"/>
</kw>
<kw name="Invalid Email Or Password" library="resource">
<kw name="Get Element" library="Browser">
<arg>css=[class="error-messages"]</arg>
<tag>Getter</tag>
<tag>PageContent</tag>
<doc>Returns a reference to a Playwright element handle.</doc>
<status status="PASS" starttime="20210324 19:02:31.153" endtime="20210324 19:02:31.206"/>
</kw>
<status status="PASS" starttime="20210324 19:02:31.152" endtime="20210324 19:02:31.206"/>
</kw>
<status status="PASS" starttime="20210324 19:02:31.088" endtime="20210324 19:02:31.207"/>
</kw>
<status status="PASS" starttime="20210324 19:02:30.980" endtime="20210324 19:02:31.207"/>
</test>
<test id="s1-s1-t5" name="Valid Email and Invalid Password">
<kw name="Go To Login Page" library="resource" type="SETUP">
<kw name="Go To" library="Browser">
<arg>${LOGIN_URL}</arg>
<tag>BrowserControl</tag>
<tag>Setter</tag>
<doc>Navigates to the given ``url``.</doc>
<msg timestamp="20210324 19:02:31.301" level="INFO">Succesfully opened URL https://vm3212.kaj.pouta.csc.fi/login</msg>
<status status="PASS" starttime="20210324 19:02:31.218" endtime="20210324 19:02:31.301"/>
</kw>
<kw name="Get Text" library="Browser">
<arg>button.btn-primary</arg>
<arg>==</arg>
<arg>Sign in</arg>
<tag>Assertion</tag>
<tag>Getter</tag>
<tag>PageContent</tag>
<doc>Returns text attribute of the element found by ``selector``.
See the `Finding elements` section for details about the selectors.</doc>
<status status="PASS" starttime="20210324 19:02:31.301" endtime="20210324 19:02:31.329"/>
</kw>
<status status="PASS" starttime="20210324 19:02:31.218" endtime="20210324 19:02:31.329"/>
</kw>
<kw name="Login Should Fail">
<arg>${valid-email}</arg>
<arg>${invalid-password}</arg>
<kw name="Input Email" library="resource">
<arg>${email}</arg>
<kw name="Type Text" library="Browser">
<arg>css=[placeholder="Email"]</arg>
<arg>${email}</arg>
<tag>PageContent</tag>
<tag>Setter</tag>
<doc>Types the given ``txt`` into the text field found by ``selector``.</doc>
<msg timestamp="20210324 19:02:31.331" level="INFO">Types the text 'testi1@testi.fi' in the given field.</msg>
<status status="PASS" starttime="20210324 19:02:31.330" endtime="20210324 19:02:31.385"/>
</kw>
<status status="PASS" starttime="20210324 19:02:31.330" endtime="20210324 19:02:31.385"/>
</kw>
<kw name="Input Password" library="resource">
<arg>${password}</arg>
<kw name="Type Text" library="Browser">
<arg>css=[placeholder="Password"]</arg>
<arg>${password}</arg>
<tag>PageContent</tag>
<tag>Setter</tag>
<doc>Types the given ``txt`` into the text field found by ``selector``.</doc>
<msg timestamp="20210324 19:02:31.386" level="INFO">Types the text 'invalid' in the given field.</msg>
<status status="PASS" starttime="20210324 19:02:31.386" endtime="20210324 19:02:31.418"/>
</kw>
<status status="PASS" starttime="20210324 19:02:31.385" endtime="20210324 19:02:31.419"/>
</kw>
<kw name="Submit" library="resource">
<kw name="Click" library="Browser">
<arg>css=[type="submit"]</arg>
<tag>PageContent</tag>
<tag>Setter</tag>
<doc>Simulates mouse click on the element found by ``selector``.</doc>
<status status="PASS" starttime="20210324 19:02:31.419" endtime="20210324 19:02:31.441"/>
</kw>
<status status="PASS" starttime="20210324 19:02:31.419" endtime="20210324 19:02:31.441"/>
</kw>
<kw name="Invalid Email Or Password" library="resource">
<kw name="Get Element" library="Browser">
<arg>css=[class="error-messages"]</arg>
<tag>Getter</tag>
<tag>PageContent</tag>
<doc>Returns a reference to a Playwright element handle.</doc>
<status status="PASS" starttime="20210324 19:02:31.441" endtime="20210324 19:02:31.634"/>
</kw>
<status status="PASS" starttime="20210324 19:02:31.441" endtime="20210324 19:02:31.634"/>
</kw>
<status status="PASS" starttime="20210324 19:02:31.329" endtime="20210324 19:02:31.635"/>
</kw>
<status status="PASS" starttime="20210324 19:02:31.212" endtime="20210324 19:02:31.635"/>
</test>
<test id="s1-s1-t6" name="Invalid Email and Empty Password">
<kw name="Go To Login Page" library="resource" type="SETUP">
<kw name="Go To" library="Browser">
<arg>${LOGIN_URL}</arg>
<tag>BrowserControl</tag>
<tag>Setter</tag>
<doc>Navigates to the given ``url``.</doc>
<msg timestamp="20210324 19:02:31.758" level="INFO">Succesfully opened URL https://vm3212.kaj.pouta.csc.fi/login</msg>
<status status="PASS" starttime="20210324 19:02:31.656" endtime="20210324 19:02:31.758"/>
</kw>
<kw name="Get Text" library="Browser">
<arg>button.btn-primary</arg>
<arg>==</arg>
<arg>Sign in</arg>
<tag>Assertion</tag>
<tag>Getter</tag>
<tag>PageContent</tag>
<doc>Returns text attribute of the element found by ``selector``.
See the `Finding elements` section for details about the selectors.</doc>
<status status="PASS" starttime="20210324 19:02:31.758" endtime="20210324 19:02:31.778"/>
</kw>
<status status="PASS" starttime="20210324 19:02:31.655" endtime="20210324 19:02:31.778"/>
</kw>
<kw name="Login Should Fail">
<arg>${invalid-email}</arg>
<arg>${empty}</arg>
<kw name="Input Email" library="resource">
<arg>${email}</arg>
<kw name="Type Text" library="Browser">
<arg>css=[placeholder="Email"]</arg>
<arg>${email}</arg>
<tag>PageContent</tag>
<tag>Setter</tag>
<doc>Types the given ``txt`` into the text field found by ``selector``.</doc>
<msg timestamp="20210324 19:02:31.779" level="INFO">Types the text 'invalid@email.fi' in the given field.</msg>
<status status="PASS" starttime="20210324 19:02:31.779" endtime="20210324 19:02:31.817"/>
</kw>
<status status="PASS" starttime="20210324 19:02:31.778" endtime="20210324 19:02:31.817"/>
</kw>
<kw name="Input Password" library="resource">
<arg>${password}</arg>
<kw name="Type Text" library="Browser">
<arg>css=[placeholder="Password"]</arg>
<arg>${password}</arg>
<tag>PageContent</tag>
<tag>Setter</tag>
<doc>Types the given ``txt`` into the text field found by ``selector``.</doc>
<msg timestamp="20210324 19:02:31.817" level="INFO">Types the text '' in the given field.</msg>
<status status="PASS" starttime="20210324 19:02:31.817" endtime="20210324 19:02:31.830"/>
</kw>
<status status="PASS" starttime="20210324 19:02:31.817" endtime="20210324 19:02:31.830"/>
</kw>
<kw name="Submit" library="resource">
<kw name="Click" library="Browser">
<arg>css=[type="submit"]</arg>
<tag>PageContent</tag>
<tag>Setter</tag>
<doc>Simulates mouse click on the element found by ``selector``.</doc>
<status status="PASS" starttime="20210324 19:02:31.830" endtime="20210324 19:02:31.851"/>
</kw>
<status status="PASS" starttime="20210324 19:02:31.830" endtime="20210324 19:02:31.852"/>
</kw>
<kw name="Invalid Email Or Password" library="resource">
<kw name="Get Element" library="Browser">
<arg>css=[class="error-messages"]</arg>
<tag>Getter</tag>
<tag>PageContent</tag>
<doc>Returns a reference to a Playwright element handle.</doc>
<status status="PASS" starttime="20210324 19:02:31.852" endtime="20210324 19:02:31.908"/>
</kw>
<status status="PASS" starttime="20210324 19:02:31.852" endtime="20210324 19:02:31.908"/>
</kw>
<status status="PASS" starttime="20210324 19:02:31.778" endtime="20210324 19:02:31.908"/>
</kw>
<status status="PASS" starttime="20210324 19:02:31.644" endtime="20210324 19:02:31.908"/>
</test>
<test id="s1-s1-t7" name="Invalid Email and Invalid Password">
<kw name="Go To Login Page" library="resource" type="SETUP">
<kw name="Go To" library="Browser">
<arg>${LOGIN_URL}</arg>
<tag>BrowserControl</tag>
<tag>Setter</tag>
<doc>Navigates to the given ``url``.</doc>
<msg timestamp="20210324 19:02:32.043" level="INFO">Succesfully opened URL https://vm3212.kaj.pouta.csc.fi/login</msg>
<status status="PASS" starttime="20210324 19:02:31.918" endtime="20210324 19:02:32.043"/>
</kw>
<kw name="Get Text" library="Browser">
<arg>button.btn-primary</arg>
<arg>==</arg>
<arg>Sign in</arg>
<tag>Assertion</tag>
<tag>Getter</tag>
<tag>PageContent</tag>
<doc>Returns text attribute of the element found by ``selector``.
See the `Finding elements` section for details about the selectors.</doc>
<status status="PASS" starttime="20210324 19:02:32.043" endtime="20210324 19:02:32.061"/>
</kw>
<status status="PASS" starttime="20210324 19:02:31.917" endtime="20210324 19:02:32.061"/>
</kw>
<kw name="Login Should Fail">
<arg>${invalid-email}</arg>
<arg>${invalid-password}</arg>
<kw name="Input Email" library="resource">
<arg>${email}</arg>
<kw name="Type Text" library="Browser">
<arg>css=[placeholder="Email"]</arg>
<arg>${email}</arg>
<tag>PageContent</tag>
<tag>Setter</tag>
<doc>Types the given ``txt`` into the text field found by ``selector``.</doc>
<msg timestamp="20210324 19:02:32.062" level="INFO">Types the text 'invalid@email.fi' in the given field.</msg>
<status status="PASS" starttime="20210324 19:02:32.062" endtime="20210324 19:02:32.102"/>
</kw>
<status status="PASS" starttime="20210324 19:02:32.062" endtime="20210324 19:02:32.102"/>
</kw>
<kw name="Input Password" library="resource">
<arg>${password}</arg>
<kw name="Type Text" library="Browser">
<arg>css=[placeholder="Password"]</arg>
<arg>${password}</arg>
<tag>PageContent</tag>
<tag>Setter</tag>
<doc>Types the given ``txt`` into the text field found by ``selector``.</doc>
<msg timestamp="20210324 19:02:32.102" level="INFO">Types the text 'invalid' in the given field.</msg>
<status status="PASS" starttime="20210324 19:02:32.102" endtime="20210324 19:02:32.123"/>
</kw>
<status status="PASS" starttime="20210324 19:02:32.102" endtime="20210324 19:02:32.123"/>
</kw>
<kw name="Submit" library="resource">
<kw name="Click" library="Browser">
<arg>css=[type="submit"]</arg>
<tag>PageContent</tag>
<tag>Setter</tag>
<doc>Simulates mouse click on the element found by ``selector``.</doc>
<status status="PASS" starttime="20210324 19:02:32.124" endtime="20210324 19:02:32.146"/>
</kw>
<status status="PASS" starttime="20210324 19:02:32.123" endtime="20210324 19:02:32.146"/>
</kw>
<kw name="Invalid Email Or Password" library="resource">
<kw name="Get Element" library="Browser">
<arg>css=[class="error-messages"]</arg>
<tag>Getter</tag>
<tag>PageContent</tag>
<doc>Returns a reference to a Playwright element handle.</doc>
<status status="PASS" starttime="20210324 19:02:32.146" endtime="20210324 19:02:32.249"/>
</kw>
<status status="PASS" starttime="20210324 19:02:32.146" endtime="20210324 19:02:32.249"/>
</kw>
<status status="PASS" starttime="20210324 19:02:32.062" endtime="20210324 19:02:32.250"/>
</kw>
<status status="PASS" starttime="20210324 19:02:31.913" endtime="20210324 19:02:32.250"/>
</test>
<test id="s1-s1-t8" name="Invalid Email and Valid Password">
<kw name="Go To Login Page" library="resource" type="SETUP">
<kw name="Go To" library="Browser">
<arg>${LOGIN_URL}</arg>
<tag>BrowserControl</tag>
<tag>Setter</tag>
<doc>Navigates to the given ``url``.</doc>
<msg timestamp="20210324 19:02:32.361" level="INFO">Succesfully opened URL https://vm3212.kaj.pouta.csc.fi/login</msg>
<status status="PASS" starttime="20210324 19:02:32.267" endtime="20210324 19:02:32.361"/>
</kw>
<kw name="Get Text" library="Browser">
<arg>button.btn-primary</arg>
<arg>==</arg>
<arg>Sign in</arg>
<tag>Assertion</tag>
<tag>Getter</tag>
<tag>PageContent</tag>
<doc>Returns text attribute of the element found by ``selector``.
See the `Finding elements` section for details about the selectors.</doc>
<status status="PASS" starttime="20210324 19:02:32.361" endtime="20210324 19:02:32.383"/>
</kw>
<status status="PASS" starttime="20210324 19:02:32.267" endtime="20210324 19:02:32.383"/>
</kw>
<kw name="Login Should Fail">
<arg>${invalid-email}</arg>
<arg>${valid-password}</arg>
<kw name="Input Email" library="resource">
<arg>${email}</arg>
<kw name="Type Text" library="Browser">
<arg>css=[placeholder="Email"]</arg>
<arg>${email}</arg>
<tag>PageContent</tag>
<tag>Setter</tag>
<doc>Types the given ``txt`` into the text field found by ``selector``.</doc>
<msg timestamp="20210324 19:02:32.384" level="INFO">Types the text 'invalid@email.fi' in the given field.</msg>
<status status="PASS" starttime="20210324 19:02:32.384" endtime="20210324 19:02:32.422"/>
</kw>
<status status="PASS" starttime="20210324 19:02:32.383" endtime="20210324 19:02:32.422"/>
</kw>
<kw name="Input Password" library="resource">
<arg>${password}</arg>
<kw name="Type Text" library="Browser">
<arg>css=[placeholder="Password"]</arg>
<arg>${password}</arg>
<tag>PageContent</tag>
<tag>Setter</tag>
<doc>Types the given ``txt`` into the text field found by ``selector``.</doc>
<msg timestamp="20210324 19:02:32.422" level="INFO">Types the text 'testi' in the given field.</msg>
<status status="PASS" starttime="20210324 19:02:32.422" endtime="20210324 19:02:32.442"/>
</kw>
<status status="PASS" starttime="20210324 19:02:32.422" endtime="20210324 19:02:32.442"/>
</kw>
<kw name="Submit" library="resource">
<kw name="Click" library="Browser">
<arg>css=[type="submit"]</arg>
<tag>PageContent</tag>
<tag>Setter</tag>
<doc>Simulates mouse click on the element found by ``selector``.</doc>
<status status="PASS" starttime="20210324 19:02:32.442" endtime="20210324 19:02:32.465"/>
</kw>
<status status="PASS" starttime="20210324 19:02:32.442" endtime="20210324 19:02:32.465"/>
</kw>
<kw name="Invalid Email Or Password" library="resource">
<kw name="Get Element" library="Browser">
<arg>css=[class="error-messages"]</arg>
<tag>Getter</tag>
<tag>PageContent</tag>
<doc>Returns a reference to a Playwright element handle.</doc>
<status status="PASS" starttime="20210324 19:02:32.466" endtime="20210324 19:02:32.556"/>
</kw>
<status status="PASS" starttime="20210324 19:02:32.465" endtime="20210324 19:02:32.557"/>
</kw>
<status status="PASS" starttime="20210324 19:02:32.383" endtime="20210324 19:02:32.557"/>
</kw>
<status status="PASS" starttime="20210324 19:02:32.260" endtime="20210324 19:02:32.558"/>
</test>
<kw name="Close Browser" library="Browser" type="TEARDOWN">
<tag>BrowserControl</tag>
<tag>Setter</tag>
<doc>Closes the current browser. Activated browser is set to first active browser.
Closes all context and pages belonging to this browser.
See `Browser, Context and Page` for more information about Browser and related concepts.</doc>
<msg timestamp="20210324 19:02:32.686" level="INFO">Closed browser</msg>
<status status="PASS" starttime="20210324 19:02:32.572" endtime="20210324 19:02:32.687"/>
</kw>
<status status="PASS" starttime="20210324 19:02:28.603" endtime="20210324 19:02:32.687"/>
</suite>
<suite id="s1-s2" name="Valid-Login" source="/home/ville/Desktop/conduit-robot-framework/Tests/valid-login.robot">
<kw name="Open Browser To Homepage" library="resource" type="SETUP">
<kw name="Open Browser" library="Browser">
<arg>${HOME_URL}</arg>
<tag>BrowserControl</tag>
<tag>Setter</tag>
<doc>Opens a new browser instance. Use this keyword for quick experiments or debugging sessions.
Use `New Page` directly instead of `Open Browser` for production and automated execution.
See `Browser, Context and Page` for more information about Browser and related concepts.</doc>
<msg timestamp="20210324 19:02:32.701" level="WARN">Open Browser is for quick experimentation and debugging only. Use New Page for production.</msg>
<msg timestamp="20210324 19:02:32.701" level="INFO">{"browser": "chromium", "headless": false, "handleSIGINT": true, "handleSIGTERM": true, "handleSIGHUP": true, "timeout": 30000.0, "devtools": false, "slowMo": 0.0}</msg>
<msg timestamp="20210324 19:02:32.901" level="INFO">Successfully created browser with options: {"browser":"chromium","headless":false,"handleSIGINT":true,"handleSIGTERM":true,"handleSIGHUP":true,"timeout":30000,"devtools":false,"slowMo":0}</msg>
<msg timestamp="20210324 19:02:32.902" level="INFO">{"acceptDownloads": false, "ignoreHTTPSErrors": false, "bypassCSP": false, "deviceScaleFactor": 1.0, "isMobile": false, "hasTouch": false, "javaScriptEnabled": true, "offline": false, "hideRfBrowser": false}</msg>
<msg timestamp="20210324 19:02:32.908" level="INFO">Successfully created context with options: {"acceptDownloads":false,"ignoreHTTPSErrors":false,"bypassCSP":false,"deviceScaleFactor":1,"isMobile":false,"hasTouch":false,"javaScriptEnabled":true,"offline":false,"hideRfBrowser":false}</msg>
<msg timestamp="20210324 19:02:33.795" level="INFO">Successfully initialized new page object and opened url: https://vm3212.kaj.pouta.csc.fi/</msg>
<status status="PASS" starttime="20210324 19:02:32.700" endtime="20210324 19:02:33.795"/>
</kw>
<kw name="Get Text" library="Browser">
<arg>a.navbar-brand</arg>
<arg>==</arg>
<arg>conduit</arg>
<tag>Assertion</tag>
<tag>Getter</tag>
<tag>PageContent</tag>
<doc>Returns text attribute of the element found by ``selector``.
See the `Finding elements` section for details about the selectors.</doc>
<status status="PASS" starttime="20210324 19:02:33.795" endtime="20210324 19:02:33.845"/>
</kw>
<status status="PASS" starttime="20210324 19:02:32.700" endtime="20210324 19:02:33.845"/>
</kw>
<test id="s1-s2-t1" name="Valid Email and Valid Password">
<kw name="Go To Login Page" library="resource" type="SETUP">
<kw name="Go To" library="Browser">
<arg>${LOGIN_URL}</arg>
<tag>BrowserControl</tag>
<tag>Setter</tag>
<doc>Navigates to the given ``url``.</doc>
<msg timestamp="20210324 19:02:33.960" level="INFO">Succesfully opened URL https://vm3212.kaj.pouta.csc.fi/login</msg>
<status status="PASS" starttime="20210324 19:02:33.850" endtime="20210324 19:02:33.960"/>
</kw>
<kw name="Get Text" library="Browser">
<arg>button.btn-primary</arg>
<arg>==</arg>
<arg>Sign in</arg>
<tag>Assertion</tag>
<tag>Getter</tag>
<tag>PageContent</tag>
<doc>Returns text attribute of the element found by ``selector``.
See the `Finding elements` section for details about the selectors.</doc>
<status status="PASS" starttime="20210324 19:02:33.960" endtime="20210324 19:02:33.984"/>
</kw>
<status status="PASS" starttime="20210324 19:02:33.850" endtime="20210324 19:02:33.984"/>
</kw>
<kw name="Login Should Success">
<arg>${valid-email}</arg>
<arg>${valid-password}</arg>
<kw name="Input Email" library="resource">
<arg>${email}</arg>
<kw name="Type Text" library="Browser">
<arg>css=[placeholder="Email"]</arg>
<arg>${email}</arg>
<tag>PageContent</tag>
<tag>Setter</tag>
<doc>Types the given ``txt`` into the text field found by ``selector``.</doc>
<msg timestamp="20210324 19:02:33.986" level="INFO">Types the text 'testi1@testi.fi' in the given field.</msg>
<status status="PASS" starttime="20210324 19:02:33.985" endtime="20210324 19:02:34.031"/>
</kw>
<status status="PASS" starttime="20210324 19:02:33.985" endtime="20210324 19:02:34.031"/>
</kw>
<kw name="Input Password" library="resource">
<arg>${password}</arg>
<kw name="Type Text" library="Browser">
<arg>css=[placeholder="Password"]</arg>
<arg>${password}</arg>
<tag>PageContent</tag>
<tag>Setter</tag>
<doc>Types the given ``txt`` into the text field found by ``selector``.</doc>
<msg timestamp="20210324 19:02:34.032" level="INFO">Types the text 'testi' in the given field.</msg>
<status status="PASS" starttime="20210324 19:02:34.032" endtime="20210324 19:02:34.051"/>
</kw>
<status status="PASS" starttime="20210324 19:02:34.031" endtime="20210324 19:02:34.051"/>
</kw>
<kw name="Submit" library="resource">
<kw name="Click" library="Browser">
<arg>css=[type="submit"]</arg>
<tag>PageContent</tag>
<tag>Setter</tag>
<doc>Simulates mouse click on the element found by ``selector``.</doc>
<status status="PASS" starttime="20210324 19:02:34.052" endtime="20210324 19:02:34.078"/>
</kw>
<status status="PASS" starttime="20210324 19:02:34.051" endtime="20210324 19:02:34.078"/>
</kw>
<kw name="Valid Login" library="resource">
<kw name="Get Element" library="Browser">
<arg>css=[class="ion-gear-a"]</arg>
<tag>Getter</tag>
<tag>PageContent</tag>
<doc>Returns a reference to a Playwright element handle.</doc>
<status status="PASS" starttime="20210324 19:02:34.079" endtime="20210324 19:02:34.300"/>
</kw>
<status status="PASS" starttime="20210324 19:02:34.078" endtime="20210324 19:02:34.300"/>
</kw>
<status status="PASS" starttime="20210324 19:02:33.984" endtime="20210324 19:02:34.300"/>
</kw>
<status status="PASS" starttime="20210324 19:02:33.845" endtime="20210324 19:02:34.300"/>
</test>
<kw name="Close Browser" library="Browser" type="TEARDOWN">
<tag>BrowserControl</tag>
<tag>Setter</tag>
<doc>Closes the current browser. Activated browser is set to first active browser.
Closes all context and pages belonging to this browser.
See `Browser, Context and Page` for more information about Browser and related concepts.</doc>
<msg timestamp="20210324 19:02:34.381" level="INFO">Closed browser</msg>
<status status="PASS" starttime="20210324 19:02:34.305" endtime="20210324 19:02:34.381"/>
</kw>
<status status="PASS" starttime="20210324 19:02:32.692" endtime="20210324 19:02:34.382"/>
</suite>
<status status="PASS" starttime="20210324 19:02:28.590" endtime="20210324 19:02:34.384"/>
</suite>
<statistics>
<total>
<stat pass="9" fail="0" skip="0">All Tests</stat>
</total>
<tag>
</tag>
<suite>
<stat pass="9" fail="0" skip="0" id="s1" name="Tests">Tests</stat>
<stat pass="8" fail="0" skip="0" id="s1-s1" name="Invalid-Login">Tests.Invalid-Login</stat>
<stat pass="1" fail="0" skip="0" id="s1-s2" name="Valid-Login">Tests.Valid-Login</stat>
</suite>
</statistics>
<errors>
<msg timestamp="20210324 19:02:28.935" level="WARN">Open Browser is for quick experimentation and debugging only. Use New Page for production.</msg>
<msg timestamp="20210324 19:02:32.701" level="WARN">Open Browser is for quick experimentation and debugging only. Use New Page for production.</msg>
</errors>
</robot>
