<?xml version="1.0" encoding="UTF-8"?>
<robot generator="Robot 4.0 (Python 3.8.5 on linux)" generated="20210323 20:13:22.836" rpa="false" schemaversion="2">
<suite id="s1" name="Tests" source="/home/ville/Desktop/conduit-robot-framework/Tests">
<suite id="s1-s1" name="Invalid-Login" source="/home/ville/Desktop/conduit-robot-framework/Tests/invalid-login.robot">
<kw name="Open Browser To Homepage" library="resource" type="SETUP">
<kw name="Open Browser" library="Browser">
<arg>${HOME_URL}</arg>
<tag>BrowserControl</tag>
<tag>Setter</tag>
<doc>Opens a new browser instance. Use this keyword for quick experiments or debugging sessions.
Use `New Page` directly instead of `Open Browser` for production and automated execution.
See `Browser, Context and Page` for more information about Browser and related concepts.</doc>
<msg timestamp="20210323 20:13:23.141" level="WARN">Open Browser is for quick experimentation and debugging only. Use New Page for production.</msg>
<msg timestamp="20210323 20:13:23.142" level="INFO">{"browser": "chromium", "headless": false, "handleSIGINT": true, "handleSIGTERM": true, "handleSIGHUP": true, "timeout": 30000.0, "devtools": false, "slowMo": 0.0}</msg>
<msg timestamp="20210323 20:13:23.337" level="INFO">Successfully created browser with options: {"browser":"chromium","headless":false,"handleSIGINT":true,"handleSIGTERM":true,"handleSIGHUP":true,"timeout":30000,"devtools":false,"slowMo":0}</msg>
<msg timestamp="20210323 20:13:23.338" level="INFO">{"acceptDownloads": false, "ignoreHTTPSErrors": false, "bypassCSP": false, "deviceScaleFactor": 1.0, "isMobile": false, "hasTouch": false, "javaScriptEnabled": true, "offline": false, "hideRfBrowser": false}</msg>
<msg timestamp="20210323 20:13:23.346" level="INFO">Successfully created context with options: {"acceptDownloads":false,"ignoreHTTPSErrors":false,"bypassCSP":false,"deviceScaleFactor":1,"isMobile":false,"hasTouch":false,"javaScriptEnabled":true,"offline":false,"hideRfBrowser":false}</msg>
<msg timestamp="20210323 20:13:24.389" level="INFO">Successfully initialized new page object and opened url: https://vm3212.kaj.pouta.csc.fi/</msg>
<status status="PASS" starttime="20210323 20:13:23.141" endtime="20210323 20:13:24.389"/>
</kw>
<kw name="Get Text" library="Browser">
<arg>a.navbar-brand</arg>
<arg>==</arg>
<arg>conduit</arg>
<tag>Assertion</tag>
<tag>Getter</tag>
<tag>PageContent</tag>
<doc>Returns text attribute of the element found by ``selector``.
See the `Finding elements` section for details about the selectors.</doc>
<status status="PASS" starttime="20210323 20:13:24.390" endtime="20210323 20:13:24.435"/>
</kw>
<status status="PASS" starttime="20210323 20:13:23.141" endtime="20210323 20:13:24.435"/>
</kw>
<test id="s1-s1-t1" name="Empty Email and Empty Password">
<kw name="Go To Login Page" library="resource" type="SETUP">
<kw name="Go To" library="Browser">
<arg>${LOGIN_URL}</arg>
<tag>BrowserControl</tag>
<tag>Setter</tag>
<doc>Navigates to the given ``url``.</doc>
<msg timestamp="20210323 20:13:24.563" level="INFO">Succesfully opened URL https://vm3212.kaj.pouta.csc.fi/login</msg>
<status status="PASS" starttime="20210323 20:13:24.441" endtime="20210323 20:13:24.563"/>
</kw>
<kw name="Get Text" library="Browser">
<arg>button.btn-primary</arg>
<arg>==</arg>
<arg>Sign in</arg>
<tag>Assertion</tag>
<tag>Getter</tag>
<tag>PageContent</tag>
<doc>Returns text attribute of the element found by ``selector``.
See the `Finding elements` section for details about the selectors.</doc>
<status status="PASS" starttime="20210323 20:13:24.563" endtime="20210323 20:13:24.583"/>
</kw>
<status status="PASS" starttime="20210323 20:13:24.441" endtime="20210323 20:13:24.584"/>
</kw>
<kw name="Login Should Fail">
<arg>${empty}</arg>
<arg>${empty}</arg>
<kw name="Input Email" library="resource">
<arg>${email}</arg>
<kw name="Type Text" library="Browser">
<arg>css=[placeholder="Email"]</arg>
<arg>${email}</arg>
<tag>PageContent</tag>
<tag>Setter</tag>
<doc>Types the given ``txt`` into the text field found by ``selector``.</doc>
<msg timestamp="20210323 20:13:24.585" level="INFO">Types the text '' in the given field.</msg>
<status status="PASS" starttime="20210323 20:13:24.584" endtime="20210323 20:13:24.603"/>
</kw>
<status status="PASS" starttime="20210323 20:13:24.584" endtime="20210323 20:13:24.603"/>
</kw>
<kw name="Input Password" library="resource">
<arg>${password}</arg>
<kw name="Type Text" library="Browser">
<arg>css=[placeholder="Password"]</arg>
<arg>${password}</arg>
<tag>PageContent</tag>
<tag>Setter</tag>
<doc>Types the given ``txt`` into the text field found by ``selector``.</doc>
<msg timestamp="20210323 20:13:24.604" level="INFO">Types the text '' in the given field.</msg>
<status status="PASS" starttime="20210323 20:13:24.604" endtime="20210323 20:13:24.616"/>
</kw>
<status status="PASS" starttime="20210323 20:13:24.603" endtime="20210323 20:13:24.617"/>
</kw>
<kw name="Submit" library="resource">
<kw name="Click" library="Browser">
<arg>css=[type="submit"]</arg>
<tag>PageContent</tag>
<tag>Setter</tag>
<doc>Simulates mouse click on the element found by ``selector``.</doc>
<status status="PASS" starttime="20210323 20:13:24.617" endtime="20210323 20:13:24.637"/>
</kw>
<status status="PASS" starttime="20210323 20:13:24.617" endtime="20210323 20:13:24.637"/>
</kw>
<kw name="Invalid Email Or Password" library="resource">
<kw name="Get Element" library="Browser">
<arg>css=[class="error-messages"]</arg>
<tag>Getter</tag>
<tag>PageContent</tag>
<doc>Returns a reference to a Playwright element handle.</doc>
<status status="PASS" starttime="20210323 20:13:24.637" endtime="20210323 20:13:24.762"/>
</kw>
<status status="PASS" starttime="20210323 20:13:24.637" endtime="20210323 20:13:24.762"/>
</kw>
<status status="PASS" starttime="20210323 20:13:24.584" endtime="20210323 20:13:24.762"/>
</kw>
<status status="PASS" starttime="20210323 20:13:24.435" endtime="20210323 20:13:24.763"/>
</test>
<test id="s1-s1-t2" name="Empty Email and Invalid Password">
<kw name="Go To Login Page" library="resource" type="SETUP">
<kw name="Go To" library="Browser">
<arg>${LOGIN_URL}</arg>
<tag>BrowserControl</tag>
<tag>Setter</tag>
<doc>Navigates to the given ``url``.</doc>
<msg timestamp="20210323 20:13:24.895" level="INFO">Succesfully opened URL https://vm3212.kaj.pouta.csc.fi/login</msg>
<status status="PASS" starttime="20210323 20:13:24.780" endtime="20210323 20:13:24.895"/>
</kw>
<kw name="Get Text" library="Browser">
<arg>button.btn-primary</arg>
<arg>==</arg>
<arg>Sign in</arg>
<tag>Assertion</tag>
<tag>Getter</tag>
<tag>PageContent</tag>
<doc>Returns text attribute of the element found by ``selector``.
See the `Finding elements` section for details about the selectors.</doc>
<status status="PASS" starttime="20210323 20:13:24.896" endtime="20210323 20:13:24.919"/>
</kw>
<status status="PASS" starttime="20210323 20:13:24.779" endtime="20210323 20:13:24.920"/>
</kw>
<kw name="Login Should Fail">
<arg>${empty}</arg>
<arg>${invalid-password}</arg>
<kw name="Input Email" library="resource">
<arg>${email}</arg>
<kw name="Type Text" library="Browser">
<arg>css=[placeholder="Email"]</arg>
<arg>${email}</arg>
<tag>PageContent</tag>
<tag>Setter</tag>
<doc>Types the given ``txt`` into the text field found by ``selector``.</doc>
<msg timestamp="20210323 20:13:24.921" level="INFO">Types the text '' in the given field.</msg>
<status status="PASS" starttime="20210323 20:13:24.921" endtime="20210323 20:13:24.936"/>
</kw>
<status status="PASS" starttime="20210323 20:13:24.920" endtime="20210323 20:13:24.936"/>
</kw>
<kw name="Input Password" library="resource">
<arg>${password}</arg>
<kw name="Type Text" library="Browser">
<arg>css=[placeholder="Password"]</arg>
<arg>${password}</arg>
<tag>PageContent</tag>
<tag>Setter</tag>
<doc>Types the given ``txt`` into the text field found by ``selector``.</doc>
<msg timestamp="20210323 20:13:24.937" level="INFO">Types the text 'invalid' in the given field.</msg>
<status status="PASS" starttime="20210323 20:13:24.937" endtime="20210323 20:13:24.969"/>
</kw>
<status status="PASS" starttime="20210323 20:13:24.936" endtime="20210323 20:13:24.969"/>
</kw>
<kw name="Submit" library="resource">
<kw name="Click" library="Browser">
<arg>css=[type="submit"]</arg>
<tag>PageContent</tag>
<tag>Setter</tag>
<doc>Simulates mouse click on the element found by ``selector``.</doc>
<status status="PASS" starttime="20210323 20:13:24.970" endtime="20210323 20:13:25.000"/>
</kw>
<status status="PASS" starttime="20210323 20:13:24.969" endtime="20210323 20:13:25.000"/>
</kw>
<kw name="Invalid Email Or Password" library="resource">
<kw name="Get Element" library="Browser">
<arg>css=[class="error-messages"]</arg>
<tag>Getter</tag>
<tag>PageContent</tag>
<doc>Returns a reference to a Playwright element handle.</doc>
<status status="PASS" starttime="20210323 20:13:25.000" endtime="20210323 20:13:25.069"/>
</kw>
<status status="PASS" starttime="20210323 20:13:25.000" endtime="20210323 20:13:25.070"/>
</kw>
<status status="PASS" starttime="20210323 20:13:24.920" endtime="20210323 20:13:25.070"/>
</kw>
<status status="PASS" starttime="20210323 20:13:24.771" endtime="20210323 20:13:25.070"/>
</test>
<test id="s1-s1-t3" name="Empty Email and Valid Password">
<kw name="Go To Login Page" library="resource" type="SETUP">
<kw name="Go To" library="Browser">
<arg>${LOGIN_URL}</arg>
<tag>BrowserControl</tag>
<tag>Setter</tag>
<doc>Navigates to the given ``url``.</doc>
<msg timestamp="20210323 20:13:25.172" level="INFO">Succesfully opened URL https://vm3212.kaj.pouta.csc.fi/login</msg>
<status status="PASS" starttime="20210323 20:13:25.092" endtime="20210323 20:13:25.173"/>
</kw>
<kw name="Get Text" library="Browser">
<arg>button.btn-primary</arg>
<arg>==</arg>
<arg>Sign in</arg>
<tag>Assertion</tag>
<tag>Getter</tag>
<tag>PageContent</tag>
<doc>Returns text attribute of the element found by ``selector``.
See the `Finding elements` section for details about the selectors.</doc>
<status status="PASS" starttime="20210323 20:13:25.173" endtime="20210323 20:13:25.198"/>
</kw>
<status status="PASS" starttime="20210323 20:13:25.091" endtime="20210323 20:13:25.198"/>
</kw>
<kw name="Login Should Fail">
<arg>${empty}</arg>
<arg>${valid-password}</arg>
<kw name="Input Email" library="resource">
<arg>${email}</arg>
<kw name="Type Text" library="Browser">
<arg>css=[placeholder="Email"]</arg>
<arg>${email}</arg>
<tag>PageContent</tag>
<tag>Setter</tag>
<doc>Types the given ``txt`` into the text field found by ``selector``.</doc>
<msg timestamp="20210323 20:13:25.199" level="INFO">Types the text '' in the given field.</msg>
<status status="PASS" starttime="20210323 20:13:25.199" endtime="20210323 20:13:25.215"/>
</kw>
<status status="PASS" starttime="20210323 20:13:25.199" endtime="20210323 20:13:25.215"/>
</kw>
<kw name="Input Password" library="resource">
<arg>${password}</arg>
<kw name="Type Text" library="Browser">
<arg>css=[placeholder="Password"]</arg>
<arg>${password}</arg>
<tag>PageContent</tag>
<tag>Setter</tag>
<doc>Types the given ``txt`` into the text field found by ``selector``.</doc>
<msg timestamp="20210323 20:13:25.216" level="INFO">Types the text 'testi' in the given field.</msg>
<status status="PASS" starttime="20210323 20:13:25.216" endtime="20210323 20:13:25.241"/>
</kw>
<status status="PASS" starttime="20210323 20:13:25.215" endtime="20210323 20:13:25.241"/>
</kw>
<kw name="Submit" library="resource">
<kw name="Click" library="Browser">
<arg>css=[type="submit"]</arg>
<tag>PageContent</tag>
<tag>Setter</tag>
<doc>Simulates mouse click on the element found by ``selector``.</doc>
<status status="PASS" starttime="20210323 20:13:25.242" endtime="20210323 20:13:25.269"/>
</kw>
<status status="PASS" starttime="20210323 20:13:25.241" endtime="20210323 20:13:25.269"/>
</kw>
<kw name="Invalid Email Or Password" library="resource">
<kw name="Get Element" library="Browser">
<arg>css=[class="error-messages"]</arg>
<tag>Getter</tag>
<tag>PageContent</tag>
<doc>Returns a reference to a Playwright element handle.</doc>
<status status="PASS" starttime="20210323 20:13:25.269" endtime="20210323 20:13:25.325"/>
</kw>
<status status="PASS" starttime="20210323 20:13:25.269" endtime="20210323 20:13:25.325"/>
</kw>
<status status="PASS" starttime="20210323 20:13:25.198" endtime="20210323 20:13:25.325"/>
</kw>
<status status="PASS" starttime="20210323 20:13:25.079" endtime="20210323 20:13:25.326"/>
</test>
<test id="s1-s1-t4" name="Valid Email and Empty Password">
<kw name="Go To Login Page" library="resource" type="SETUP">
<kw name="Go To" library="Browser">
<arg>${LOGIN_URL}</arg>
<tag>BrowserControl</tag>
<tag>Setter</tag>
<doc>Navigates to the given ``url``.</doc>
<msg timestamp="20210323 20:13:25.475" level="INFO">Succesfully opened URL https://vm3212.kaj.pouta.csc.fi/login</msg>
<status status="PASS" starttime="20210323 20:13:25.337" endtime="20210323 20:13:25.476"/>
</kw>
<kw name="Get Text" library="Browser">
<arg>button.btn-primary</arg>
<arg>==</arg>
<arg>Sign in</arg>
<tag>Assertion</tag>
<tag>Getter</tag>
<tag>PageContent</tag>
<doc>Returns text attribute of the element found by ``selector``.
See the `Finding elements` section for details about the selectors.</doc>
<status status="PASS" starttime="20210323 20:13:25.476" endtime="20210323 20:13:25.495"/>
</kw>
<status status="PASS" starttime="20210323 20:13:25.337" endtime="20210323 20:13:25.496"/>
</kw>
<kw name="Login Should Fail">
<arg>${valid-email}</arg>
<arg>${empty}</arg>
<kw name="Input Email" library="resource">
<arg>${email}</arg>
<kw name="Type Text" library="Browser">
<arg>css=[placeholder="Email"]</arg>
<arg>${email}</arg>
<tag>PageContent</tag>
<tag>Setter</tag>
<doc>Types the given ``txt`` into the text field found by ``selector``.</doc>
<msg timestamp="20210323 20:13:25.497" level="INFO">Types the text 'testi1@testi.fi' in the given field.</msg>
<status status="PASS" starttime="20210323 20:13:25.496" endtime="20210323 20:13:25.530"/>
</kw>
<status status="PASS" starttime="20210323 20:13:25.496" endtime="20210323 20:13:25.530"/>
</kw>
<kw name="Input Password" library="resource">
<arg>${password}</arg>
<kw name="Type Text" library="Browser">
<arg>css=[placeholder="Password"]</arg>
<arg>${password}</arg>
<tag>PageContent</tag>
<tag>Setter</tag>
<doc>Types the given ``txt`` into the text field found by ``selector``.</doc>
<msg timestamp="20210323 20:13:25.531" level="INFO">Types the text '' in the given field.</msg>
<status status="PASS" starttime="20210323 20:13:25.530" endtime="20210323 20:13:25.542"/>
</kw>
<status status="PASS" starttime="20210323 20:13:25.530" endtime="20210323 20:13:25.542"/>
</kw>
<kw name="Submit" library="resource">
<kw name="Click" library="Browser">
<arg>css=[type="submit"]</arg>
<tag>PageContent</tag>
<tag>Setter</tag>
<doc>Simulates mouse click on the element found by ``selector``.</doc>
<status status="PASS" starttime="20210323 20:13:25.543" endtime="20210323 20:13:25.564"/>
</kw>
<status status="PASS" starttime="20210323 20:13:25.542" endtime="20210323 20:13:25.564"/>
</kw>
<kw name="Invalid Email Or Password" library="resource">
<kw name="Get Element" library="Browser">
<arg>css=[class="error-messages"]</arg>
<tag>Getter</tag>
<tag>PageContent</tag>
<doc>Returns a reference to a Playwright element handle.</doc>
<status status="PASS" starttime="20210323 20:13:25.565" endtime="20210323 20:13:25.625"/>
</kw>
<status status="PASS" starttime="20210323 20:13:25.564" endtime="20210323 20:13:25.625"/>
</kw>
<status status="PASS" starttime="20210323 20:13:25.496" endtime="20210323 20:13:25.625"/>
</kw>
<status status="PASS" starttime="20210323 20:13:25.331" endtime="20210323 20:13:25.625"/>
</test>
<test id="s1-s1-t5" name="Valid Email and Invalid Password">
<kw name="Go To Login Page" library="resource" type="SETUP">
<kw name="Go To" library="Browser">
<arg>${LOGIN_URL}</arg>
<tag>BrowserControl</tag>
<tag>Setter</tag>
<doc>Navigates to the given ``url``.</doc>
<msg timestamp="20210323 20:13:25.726" level="INFO">Succesfully opened URL https://vm3212.kaj.pouta.csc.fi/login</msg>
<status status="PASS" starttime="20210323 20:13:25.638" endtime="20210323 20:13:25.727"/>
</kw>
<kw name="Get Text" library="Browser">
<arg>button.btn-primary</arg>
<arg>==</arg>
<arg>Sign in</arg>
<tag>Assertion</tag>
<tag>Getter</tag>
<tag>PageContent</tag>
<doc>Returns text attribute of the element found by ``selector``.
See the `Finding elements` section for details about the selectors.</doc>
<status status="PASS" starttime="20210323 20:13:25.727" endtime="20210323 20:13:25.745"/>
</kw>
<status status="PASS" starttime="20210323 20:13:25.637" endtime="20210323 20:13:25.745"/>
</kw>
<kw name="Login Should Fail">
<arg>${valid-email}</arg>
<arg>${invalid-password}</arg>
<kw name="Input Email" library="resource">
<arg>${email}</arg>
<kw name="Type Text" library="Browser">
<arg>css=[placeholder="Email"]</arg>
<arg>${email}</arg>
<tag>PageContent</tag>
<tag>Setter</tag>
<doc>Types the given ``txt`` into the text field found by ``selector``.</doc>
<msg timestamp="20210323 20:13:25.746" level="INFO">Types the text 'testi1@testi.fi' in the given field.</msg>
<status status="PASS" starttime="20210323 20:13:25.746" endtime="20210323 20:13:25.780"/>
</kw>
<status status="PASS" starttime="20210323 20:13:25.746" endtime="20210323 20:13:25.780"/>
</kw>
<kw name="Input Password" library="resource">
<arg>${password}</arg>
<kw name="Type Text" library="Browser">
<arg>css=[placeholder="Password"]</arg>
<arg>${password}</arg>
<tag>PageContent</tag>
<tag>Setter</tag>
<doc>Types the given ``txt`` into the text field found by ``selector``.</doc>
<msg timestamp="20210323 20:13:25.781" level="INFO">Types the text 'invalid' in the given field.</msg>
<status status="PASS" starttime="20210323 20:13:25.781" endtime="20210323 20:13:25.801"/>
</kw>
<status status="PASS" starttime="20210323 20:13:25.781" endtime="20210323 20:13:25.802"/>
</kw>
<kw name="Submit" library="resource">
<kw name="Click" library="Browser">
<arg>css=[type="submit"]</arg>
<tag>PageContent</tag>
<tag>Setter</tag>
<doc>Simulates mouse click on the element found by ``selector``.</doc>
<status status="PASS" starttime="20210323 20:13:25.802" endtime="20210323 20:13:25.820"/>
</kw>
<status status="PASS" starttime="20210323 20:13:25.802" endtime="20210323 20:13:25.820"/>
</kw>
<kw name="Invalid Email Or Password" library="resource">
<kw name="Get Element" library="Browser">
<arg>css=[class="error-messages"]</arg>
<tag>Getter</tag>
<tag>PageContent</tag>
<doc>Returns a reference to a Playwright element handle.</doc>
<status status="PASS" starttime="20210323 20:13:25.821" endtime="20210323 20:13:25.988"/>
</kw>
<status status="PASS" starttime="20210323 20:13:25.820" endtime="20210323 20:13:25.989"/>
</kw>
<status status="PASS" starttime="20210323 20:13:25.745" endtime="20210323 20:13:25.989"/>
</kw>
<status status="PASS" starttime="20210323 20:13:25.631" endtime="20210323 20:13:25.990"/>
</test>
<test id="s1-s1-t6" name="Invalid Email and Empty Password">
<kw name="Go To Login Page" library="resource" type="SETUP">
<kw name="Go To" library="Browser">
<arg>${LOGIN_URL}</arg>
<tag>BrowserControl</tag>
<tag>Setter</tag>
<doc>Navigates to the given ``url``.</doc>
<msg timestamp="20210323 20:13:26.098" level="INFO">Succesfully opened URL https://vm3212.kaj.pouta.csc.fi/login</msg>
<status status="PASS" starttime="20210323 20:13:26.010" endtime="20210323 20:13:26.098"/>
</kw>
<kw name="Get Text" library="Browser">
<arg>button.btn-primary</arg>
<arg>==</arg>
<arg>Sign in</arg>
<tag>Assertion</tag>
<tag>Getter</tag>
<tag>PageContent</tag>
<doc>Returns text attribute of the element found by ``selector``.
See the `Finding elements` section for details about the selectors.</doc>
<status status="PASS" starttime="20210323 20:13:26.098" endtime="20210323 20:13:26.116"/>
</kw>
<status status="PASS" starttime="20210323 20:13:26.009" endtime="20210323 20:13:26.116"/>
</kw>
<kw name="Login Should Fail">
<arg>${invalid-email}</arg>
<arg>${empty}</arg>
<kw name="Input Email" library="resource">
<arg>${email}</arg>
<kw name="Type Text" library="Browser">
<arg>css=[placeholder="Email"]</arg>
<arg>${email}</arg>
<tag>PageContent</tag>
<tag>Setter</tag>
<doc>Types the given ``txt`` into the text field found by ``selector``.</doc>
<msg timestamp="20210323 20:13:26.117" level="INFO">Types the text 'invalid@email.fi' in the given field.</msg>
<status status="PASS" starttime="20210323 20:13:26.117" endtime="20210323 20:13:26.157"/>
</kw>
<status status="PASS" starttime="20210323 20:13:26.117" endtime="20210323 20:13:26.157"/>
</kw>
<kw name="Input Password" library="resource">
<arg>${password}</arg>
<kw name="Type Text" library="Browser">
<arg>css=[placeholder="Password"]</arg>
<arg>${password}</arg>
<tag>PageContent</tag>
<tag>Setter</tag>
<doc>Types the given ``txt`` into the text field found by ``selector``.</doc>
<msg timestamp="20210323 20:13:26.157" level="INFO">Types the text '' in the given field.</msg>
<status status="PASS" starttime="20210323 20:13:26.157" endtime="20210323 20:13:26.169"/>
</kw>
<status status="PASS" starttime="20210323 20:13:26.157" endtime="20210323 20:13:26.169"/>
</kw>
<kw name="Submit" library="resource">
<kw name="Click" library="Browser">
<arg>css=[type="submit"]</arg>
<tag>PageContent</tag>
<tag>Setter</tag>
<doc>Simulates mouse click on the element found by ``selector``.</doc>
<status status="PASS" starttime="20210323 20:13:26.170" endtime="20210323 20:13:26.192"/>
</kw>
<status status="PASS" starttime="20210323 20:13:26.170" endtime="20210323 20:13:26.192"/>
</kw>
<kw name="Invalid Email Or Password" library="resource">
<kw name="Get Element" library="Browser">
<arg>css=[class="error-messages"]</arg>
<tag>Getter</tag>
<tag>PageContent</tag>
<doc>Returns a reference to a Playwright element handle.</doc>
<status status="PASS" starttime="20210323 20:13:26.192" endtime="20210323 20:13:26.280"/>
</kw>
<status status="PASS" starttime="20210323 20:13:26.192" endtime="20210323 20:13:26.281"/>
</kw>
<status status="PASS" starttime="20210323 20:13:26.116" endtime="20210323 20:13:26.282"/>
</kw>
<status status="PASS" starttime="20210323 20:13:26.000" endtime="20210323 20:13:26.283"/>
</test>
<test id="s1-s1-t7" name="Invalid Email and Invalid Password">
<kw name="Go To Login Page" library="resource" type="SETUP">
<kw name="Go To" library="Browser">
<arg>${LOGIN_URL}</arg>
<tag>BrowserControl</tag>
<tag>Setter</tag>
<doc>Navigates to the given ``url``.</doc>
<msg timestamp="20210323 20:13:26.409" level="INFO">Succesfully opened URL https://vm3212.kaj.pouta.csc.fi/login</msg>
<status status="PASS" starttime="20210323 20:13:26.304" endtime="20210323 20:13:26.410"/>
</kw>
<kw name="Get Text" library="Browser">
<arg>button.btn-primary</arg>
<arg>==</arg>
<arg>Sign in</arg>
<tag>Assertion</tag>
<tag>Getter</tag>
<tag>PageContent</tag>
<doc>Returns text attribute of the element found by ``selector``.
See the `Finding elements` section for details about the selectors.</doc>
<status status="PASS" starttime="20210323 20:13:26.410" endtime="20210323 20:13:26.438"/>
</kw>
<status status="PASS" starttime="20210323 20:13:26.303" endtime="20210323 20:13:26.438"/>
</kw>
<kw name="Login Should Fail">
<arg>${invalid-email}</arg>
<arg>${invalid-password}</arg>
<kw name="Input Email" library="resource">
<arg>${email}</arg>
<kw name="Type Text" library="Browser">
<arg>css=[placeholder="Email"]</arg>
<arg>${email}</arg>
<tag>PageContent</tag>
<tag>Setter</tag>
<doc>Types the given ``txt`` into the text field found by ``selector``.</doc>
<msg timestamp="20210323 20:13:26.440" level="INFO">Types the text 'invalid@email.fi' in the given field.</msg>
<status status="PASS" starttime="20210323 20:13:26.439" endtime="20210323 20:13:26.491"/>
</kw>
<status status="PASS" starttime="20210323 20:13:26.439" endtime="20210323 20:13:26.491"/>
</kw>
<kw name="Input Password" library="resource">
<arg>${password}</arg>
<kw name="Type Text" library="Browser">
<arg>css=[placeholder="Password"]</arg>
<arg>${password}</arg>
<tag>PageContent</tag>
<tag>Setter</tag>
<doc>Types the given ``txt`` into the text field found by ``selector``.</doc>
<msg timestamp="20210323 20:13:26.492" level="INFO">Types the text 'invalid' in the given field.</msg>
<status status="PASS" starttime="20210323 20:13:26.492" endtime="20210323 20:13:26.515"/>
</kw>
<status status="PASS" starttime="20210323 20:13:26.491" endtime="20210323 20:13:26.515"/>
</kw>
<kw name="Submit" library="resource">
<kw name="Click" library="Browser">
<arg>css=[type="submit"]</arg>
<tag>PageContent</tag>
<tag>Setter</tag>
<doc>Simulates mouse click on the element found by ``selector``.</doc>
<status status="PASS" starttime="20210323 20:13:26.516" endtime="20210323 20:13:26.536"/>
</kw>
<status status="PASS" starttime="20210323 20:13:26.515" endtime="20210323 20:13:26.536"/>
</kw>
<kw name="Invalid Email Or Password" library="resource">
<kw name="Get Element" library="Browser">
<arg>css=[class="error-messages"]</arg>
<tag>Getter</tag>
<tag>PageContent</tag>
<doc>Returns a reference to a Playwright element handle.</doc>
<status status="PASS" starttime="20210323 20:13:26.537" endtime="20210323 20:13:26.654"/>
</kw>
<status status="PASS" starttime="20210323 20:13:26.536" endtime="20210323 20:13:26.655"/>
</kw>
<status status="PASS" starttime="20210323 20:13:26.438" endtime="20210323 20:13:26.655"/>
</kw>
<status status="PASS" starttime="20210323 20:13:26.295" endtime="20210323 20:13:26.656"/>
</test>
<test id="s1-s1-t8" name="Invalid Email and Valid Password">
<kw name="Go To Login Page" library="resource" type="SETUP">
<kw name="Go To" library="Browser">
<arg>${LOGIN_URL}</arg>
<tag>BrowserControl</tag>
<tag>Setter</tag>
<doc>Navigates to the given ``url``.</doc>
<msg timestamp="20210323 20:13:26.751" level="INFO">Succesfully opened URL https://vm3212.kaj.pouta.csc.fi/login</msg>
<status status="PASS" starttime="20210323 20:13:26.673" endtime="20210323 20:13:26.751"/>
</kw>
<kw name="Get Text" library="Browser">
<arg>button.btn-primary</arg>
<arg>==</arg>
<arg>Sign in</arg>
<tag>Assertion</tag>
<tag>Getter</tag>
<tag>PageContent</tag>
<doc>Returns text attribute of the element found by ``selector``.
See the `Finding elements` section for details about the selectors.</doc>
<status status="PASS" starttime="20210323 20:13:26.751" endtime="20210323 20:13:26.773"/>
</kw>
<status status="PASS" starttime="20210323 20:13:26.672" endtime="20210323 20:13:26.773"/>
</kw>
<kw name="Login Should Fail">
<arg>${invalid-email}</arg>
<arg>${valid-password}</arg>
<kw name="Input Email" library="resource">
<arg>${email}</arg>
<kw name="Type Text" library="Browser">
<arg>css=[placeholder="Email"]</arg>
<arg>${email}</arg>
<tag>PageContent</tag>
<tag>Setter</tag>
<doc>Types the given ``txt`` into the text field found by ``selector``.</doc>
<msg timestamp="20210323 20:13:26.774" level="INFO">Types the text 'invalid@email.fi' in the given field.</msg>
<status status="PASS" starttime="20210323 20:13:26.774" endtime="20210323 20:13:26.809"/>
</kw>
<status status="PASS" starttime="20210323 20:13:26.773" endtime="20210323 20:13:26.809"/>
</kw>
<kw name="Input Password" library="resource">
<arg>${password}</arg>
<kw name="Type Text" library="Browser">
<arg>css=[placeholder="Password"]</arg>
<arg>${password}</arg>
<tag>PageContent</tag>
<tag>Setter</tag>
<doc>Types the given ``txt`` into the text field found by ``selector``.</doc>
<msg timestamp="20210323 20:13:26.810" level="INFO">Types the text 'testi' in the given field.</msg>
<status status="PASS" starttime="20210323 20:13:26.810" endtime="20210323 20:13:26.827"/>
</kw>
<status status="PASS" starttime="20210323 20:13:26.809" endtime="20210323 20:13:26.827"/>
</kw>
<kw name="Submit" library="resource">
<kw name="Click" library="Browser">
<arg>css=[type="submit"]</arg>
<tag>PageContent</tag>
<tag>Setter</tag>
<doc>Simulates mouse click on the element found by ``selector``.</doc>
<status status="PASS" starttime="20210323 20:13:26.827" endtime="20210323 20:13:26.848"/>
</kw>
<status status="PASS" starttime="20210323 20:13:26.827" endtime="20210323 20:13:26.849"/>
</kw>
<kw name="Invalid Email Or Password" library="resource">
<kw name="Get Element" library="Browser">
<arg>css=[class="error-messages"]</arg>
<tag>Getter</tag>
<tag>PageContent</tag>
<doc>Returns a reference to a Playwright element handle.</doc>
<status status="PASS" starttime="20210323 20:13:26.849" endtime="20210323 20:13:26.908"/>
</kw>
<status status="PASS" starttime="20210323 20:13:26.849" endtime="20210323 20:13:26.908"/>
</kw>
<status status="PASS" starttime="20210323 20:13:26.773" endtime="20210323 20:13:26.908"/>
</kw>
<status status="PASS" starttime="20210323 20:13:26.667" endtime="20210323 20:13:26.908"/>
</test>
<kw name="Close Browser" library="Browser" type="TEARDOWN">
<tag>BrowserControl</tag>
<tag>Setter</tag>
<doc>Closes the current browser. Activated browser is set to first active browser.
Closes all context and pages belonging to this browser.
See `Browser, Context and Page` for more information about Browser and related concepts.</doc>
<msg timestamp="20210323 20:13:27.002" level="INFO">Closed browser</msg>
<status status="PASS" starttime="20210323 20:13:26.914" endtime="20210323 20:13:27.002"/>
</kw>
<status status="PASS" starttime="20210323 20:13:22.850" endtime="20210323 20:13:27.002"/>
</suite>
<suite id="s1-s2" name="Valid-Login" source="/home/ville/Desktop/conduit-robot-framework/Tests/valid-login.robot">
<kw name="Open Browser To Homepage" library="resource" type="SETUP">
<kw name="Open Browser" library="Browser">
<arg>${HOME_URL}</arg>
<tag>BrowserControl</tag>
<tag>Setter</tag>
<doc>Opens a new browser instance. Use this keyword for quick experiments or debugging sessions.
Use `New Page` directly instead of `Open Browser` for production and automated execution.
See `Browser, Context and Page` for more information about Browser and related concepts.</doc>
<msg timestamp="20210323 20:13:27.009" level="WARN">Open Browser is for quick experimentation and debugging only. Use New Page for production.</msg>
<msg timestamp="20210323 20:13:27.009" level="INFO">{"browser": "chromium", "headless": false, "handleSIGINT": true, "handleSIGTERM": true, "handleSIGHUP": true, "timeout": 30000.0, "devtools": false, "slowMo": 0.0}</msg>
<msg timestamp="20210323 20:13:27.226" level="INFO">Successfully created browser with options: {"browser":"chromium","headless":false,"handleSIGINT":true,"handleSIGTERM":true,"handleSIGHUP":true,"timeout":30000,"devtools":false,"slowMo":0}</msg>
<msg timestamp="20210323 20:13:27.227" level="INFO">{"acceptDownloads": false, "ignoreHTTPSErrors": false, "bypassCSP": false, "deviceScaleFactor": 1.0, "isMobile": false, "hasTouch": false, "javaScriptEnabled": true, "offline": false, "hideRfBrowser": false}</msg>
<msg timestamp="20210323 20:13:27.233" level="INFO">Successfully created context with options: {"acceptDownloads":false,"ignoreHTTPSErrors":false,"bypassCSP":false,"deviceScaleFactor":1,"isMobile":false,"hasTouch":false,"javaScriptEnabled":true,"offline":false,"hideRfBrowser":false}</msg>
<msg timestamp="20210323 20:13:28.187" level="INFO">Successfully initialized new page object and opened url: https://vm3212.kaj.pouta.csc.fi/</msg>
<status status="PASS" starttime="20210323 20:13:27.009" endtime="20210323 20:13:28.188"/>
</kw>
<kw name="Get Text" library="Browser">
<arg>a.navbar-brand</arg>
<arg>==</arg>
<arg>conduit</arg>
<tag>Assertion</tag>
<tag>Getter</tag>
<tag>PageContent</tag>
<doc>Returns text attribute of the element found by ``selector``.
See the `Finding elements` section for details about the selectors.</doc>
<status status="PASS" starttime="20210323 20:13:28.188" endtime="20210323 20:13:28.227"/>
</kw>
<status status="PASS" starttime="20210323 20:13:27.009" endtime="20210323 20:13:28.227"/>
</kw>
<test id="s1-s2-t1" name="Valid Email and Valid Password">
<kw name="Go To Login Page" library="resource" type="SETUP">
<kw name="Go To" library="Browser">
<arg>${LOGIN_URL}</arg>
<tag>BrowserControl</tag>
<tag>Setter</tag>
<doc>Navigates to the given ``url``.</doc>
<msg timestamp="20210323 20:13:28.333" level="INFO">Succesfully opened URL https://vm3212.kaj.pouta.csc.fi/login</msg>
<status status="PASS" starttime="20210323 20:13:28.232" endtime="20210323 20:13:28.333"/>
</kw>
<kw name="Get Text" library="Browser">
<arg>button.btn-primary</arg>
<arg>==</arg>
<arg>Sign in</arg>
<tag>Assertion</tag>
<tag>Getter</tag>
<tag>PageContent</tag>
<doc>Returns text attribute of the element found by ``selector``.
See the `Finding elements` section for details about the selectors.</doc>
<status status="PASS" starttime="20210323 20:13:28.333" endtime="20210323 20:13:28.355"/>
</kw>
<status status="PASS" starttime="20210323 20:13:28.231" endtime="20210323 20:13:28.355"/>
</kw>
<kw name="Login Should Success">
<arg>${valid-email}</arg>
<arg>${valid-password}</arg>
<kw name="Input Email" library="resource">
<arg>${email}</arg>
<kw name="Type Text" library="Browser">
<arg>css=[placeholder="Email"]</arg>
<arg>${email}</arg>
<tag>PageContent</tag>
<tag>Setter</tag>
<doc>Types the given ``txt`` into the text field found by ``selector``.</doc>
<msg timestamp="20210323 20:13:28.356" level="INFO">Types the text 'testi1@testi.fi' in the given field.</msg>
<status status="PASS" starttime="20210323 20:13:28.356" endtime="20210323 20:13:28.398"/>
</kw>
<status status="PASS" starttime="20210323 20:13:28.356" endtime="20210323 20:13:28.399"/>
</kw>
<kw name="Input Password" library="resource">
<arg>${password}</arg>
<kw name="Type Text" library="Browser">
<arg>css=[placeholder="Password"]</arg>
<arg>${password}</arg>
<tag>PageContent</tag>
<tag>Setter</tag>
<doc>Types the given ``txt`` into the text field found by ``selector``.</doc>
<msg timestamp="20210323 20:13:28.399" level="INFO">Types the text 'testi' in the given field.</msg>
<status status="PASS" starttime="20210323 20:13:28.399" endtime="20210323 20:13:28.423"/>
</kw>
<status status="PASS" starttime="20210323 20:13:28.399" endtime="20210323 20:13:28.423"/>
</kw>
<kw name="Submit" library="resource">
<kw name="Click" library="Browser">
<arg>css=[type="submit"]</arg>
<tag>PageContent</tag>
<tag>Setter</tag>
<doc>Simulates mouse click on the element found by ``selector``.</doc>
<status status="PASS" starttime="20210323 20:13:28.423" endtime="20210323 20:13:28.446"/>
</kw>
<status status="PASS" starttime="20210323 20:13:28.423" endtime="20210323 20:13:28.446"/>
</kw>
<status status="PASS" starttime="20210323 20:13:28.355" endtime="20210323 20:13:28.446"/>
</kw>
<status status="PASS" starttime="20210323 20:13:28.227" endtime="20210323 20:13:28.446"/>
</test>
<test id="s1-s2-t2" name="Login Should Success Enter KeyPress">
<kw name="Go To Login Page" library="resource" type="SETUP">
<kw name="Go To" library="Browser">
<arg>${LOGIN_URL}</arg>
<tag>BrowserControl</tag>
<tag>Setter</tag>
<doc>Navigates to the given ``url``.</doc>
<msg timestamp="20210323 20:13:28.516" level="INFO">Succesfully opened URL https://vm3212.kaj.pouta.csc.fi/login</msg>
<status status="PASS" starttime="20210323 20:13:28.453" endtime="20210323 20:13:28.517"/>
</kw>
<kw name="Get Text" library="Browser">
<arg>button.btn-primary</arg>
<arg>==</arg>
<arg>Sign in</arg>
<tag>Assertion</tag>
<tag>Getter</tag>
<tag>PageContent</tag>
<doc>Returns text attribute of the element found by ``selector``.
See the `Finding elements` section for details about the selectors.</doc>
<status status="PASS" starttime="20210323 20:13:28.517" endtime="20210323 20:13:28.533"/>
</kw>
<status status="PASS" starttime="20210323 20:13:28.453" endtime="20210323 20:13:28.533"/>
</kw>
<kw name="Login Should Success">
<arg>${valid-email}</arg>
<arg>${valid-password}</arg>
<kw name="Input Email" library="resource">
<arg>${email}</arg>
<kw name="Type Text" library="Browser">
<arg>css=[placeholder="Email"]</arg>
<arg>${email}</arg>
<tag>PageContent</tag>
<tag>Setter</tag>
<doc>Types the given ``txt`` into the text field found by ``selector``.</doc>
<msg timestamp="20210323 20:13:28.534" level="INFO">Types the text 'testi1@testi.fi' in the given field.</msg>
<status status="PASS" starttime="20210323 20:13:28.534" endtime="20210323 20:13:28.566"/>
</kw>
<status status="PASS" starttime="20210323 20:13:28.534" endtime="20210323 20:13:28.566"/>
</kw>
<kw name="Input Password" library="resource">
<arg>${password}</arg>
<kw name="Type Text" library="Browser">
<arg>css=[placeholder="Password"]</arg>
<arg>${password}</arg>
<tag>PageContent</tag>
<tag>Setter</tag>
<doc>Types the given ``txt`` into the text field found by ``selector``.</doc>
<msg timestamp="20210323 20:13:28.567" level="INFO">Types the text 'testi' in the given field.</msg>
<status status="PASS" starttime="20210323 20:13:28.567" endtime="20210323 20:13:28.584"/>
</kw>
<status status="PASS" starttime="20210323 20:13:28.567" endtime="20210323 20:13:28.584"/>
</kw>
<kw name="Submit" library="resource">
<kw name="Click" library="Browser">
<arg>css=[type="submit"]</arg>
<tag>PageContent</tag>
<tag>Setter</tag>
<doc>Simulates mouse click on the element found by ``selector``.</doc>
<status status="PASS" starttime="20210323 20:13:28.584" endtime="20210323 20:13:28.635"/>
</kw>
<status status="PASS" starttime="20210323 20:13:28.584" endtime="20210323 20:13:28.635"/>
</kw>
<status status="PASS" starttime="20210323 20:13:28.534" endtime="20210323 20:13:28.635"/>
</kw>
<status status="PASS" starttime="20210323 20:13:28.450" endtime="20210323 20:13:28.636"/>
</test>
<kw name="Close Browser" library="Browser" type="TEARDOWN">
<tag>BrowserControl</tag>
<tag>Setter</tag>
<doc>Closes the current browser. Activated browser is set to first active browser.
Closes all context and pages belonging to this browser.
See `Browser, Context and Page` for more information about Browser and related concepts.</doc>
<msg timestamp="20210323 20:13:28.717" level="INFO">Closed browser</msg>
<status status="PASS" starttime="20210323 20:13:28.646" endtime="20210323 20:13:28.718"/>
</kw>
<status status="PASS" starttime="20210323 20:13:27.005" endtime="20210323 20:13:28.718"/>
</suite>
<status status="PASS" starttime="20210323 20:13:22.836" endtime="20210323 20:13:28.720"/>
</suite>
<statistics>
<total>
<stat pass="10" fail="0" skip="0">All Tests</stat>
</total>
<tag>
</tag>
<suite>
<stat pass="10" fail="0" skip="0" id="s1" name="Tests">Tests</stat>
<stat pass="8" fail="0" skip="0" id="s1-s1" name="Invalid-Login">Tests.Invalid-Login</stat>
<stat pass="2" fail="0" skip="0" id="s1-s2" name="Valid-Login">Tests.Valid-Login</stat>
</suite>
</statistics>
<errors>
<msg timestamp="20210323 20:13:23.141" level="WARN">Open Browser is for quick experimentation and debugging only. Use New Page for production.</msg>
<msg timestamp="20210323 20:13:27.009" level="WARN">Open Browser is for quick experimentation and debugging only. Use New Page for production.</msg>
</errors>
</robot>
