<?xml version="1.0" encoding="UTF-8"?>
<robot generator="Robot 4.0 (Python 3.8.5 on linux)" generated="20210323 20:20:21.423" rpa="false" schemaversion="2">
<suite id="s1" name="Valid-Login" source="/home/ville/Desktop/conduit-robot-framework/Tests/valid-login.robot">
<kw name="Open Browser To Homepage" library="resource" type="SETUP">
<kw name="Open Browser" library="Browser">
<arg>${HOME_URL}</arg>
<tag>BrowserControl</tag>
<tag>Setter</tag>
<doc>Opens a new browser instance. Use this keyword for quick experiments or debugging sessions.
Use `New Page` directly instead of `Open Browser` for production and automated execution.
See `Browser, Context and Page` for more information about Browser and related concepts.</doc>
<msg timestamp="20210323 20:20:21.727" level="WARN">Open Browser is for quick experimentation and debugging only. Use New Page for production.</msg>
<msg timestamp="20210323 20:20:21.727" level="INFO">{"browser": "chromium", "headless": false, "handleSIGINT": true, "handleSIGTERM": true, "handleSIGHUP": true, "timeout": 30000.0, "devtools": false, "slowMo": 0.0}</msg>
<msg timestamp="20210323 20:20:21.947" level="INFO">Successfully created browser with options: {"browser":"chromium","headless":false,"handleSIGINT":true,"handleSIGTERM":true,"handleSIGHUP":true,"timeout":30000,"devtools":false,"slowMo":0}</msg>
<msg timestamp="20210323 20:20:21.948" level="INFO">{"acceptDownloads": false, "ignoreHTTPSErrors": false, "bypassCSP": false, "deviceScaleFactor": 1.0, "isMobile": false, "hasTouch": false, "javaScriptEnabled": true, "offline": false, "hideRfBrowser": false}</msg>
<msg timestamp="20210323 20:20:21.955" level="INFO">Successfully created context with options: {"acceptDownloads":false,"ignoreHTTPSErrors":false,"bypassCSP":false,"deviceScaleFactor":1,"isMobile":false,"hasTouch":false,"javaScriptEnabled":true,"offline":false,"hideRfBrowser":false}</msg>
<msg timestamp="20210323 20:20:22.893" level="INFO">Successfully initialized new page object and opened url: https://vm3212.kaj.pouta.csc.fi/</msg>
<status status="PASS" starttime="20210323 20:20:21.727" endtime="20210323 20:20:22.893"/>
</kw>
<kw name="Get Text" library="Browser">
<arg>a.navbar-brand</arg>
<arg>==</arg>
<arg>conduit</arg>
<tag>Assertion</tag>
<tag>Getter</tag>
<tag>PageContent</tag>
<doc>Returns text attribute of the element found by ``selector``.
See the `Finding elements` section for details about the selectors.</doc>
<status status="PASS" starttime="20210323 20:20:22.894" endtime="20210323 20:20:22.940"/>
</kw>
<status status="PASS" starttime="20210323 20:20:21.726" endtime="20210323 20:20:22.940"/>
</kw>
<test id="s1-t1" name="Valid Email and Valid Password">
<kw name="Go To Login Page" library="resource" type="SETUP">
<kw name="Go To" library="Browser">
<arg>${LOGIN_URL}</arg>
<tag>BrowserControl</tag>
<tag>Setter</tag>
<doc>Navigates to the given ``url``.</doc>
<msg timestamp="20210323 20:20:23.071" level="INFO">Succesfully opened URL https://vm3212.kaj.pouta.csc.fi/login</msg>
<status status="PASS" starttime="20210323 20:20:22.947" endtime="20210323 20:20:23.071"/>
</kw>
<kw name="Get Text" library="Browser">
<arg>button.btn-primary</arg>
<arg>==</arg>
<arg>Sign in</arg>
<tag>Assertion</tag>
<tag>Getter</tag>
<tag>PageContent</tag>
<doc>Returns text attribute of the element found by ``selector``.
See the `Finding elements` section for details about the selectors.</doc>
<status status="PASS" starttime="20210323 20:20:23.071" endtime="20210323 20:20:23.090"/>
</kw>
<status status="PASS" starttime="20210323 20:20:22.947" endtime="20210323 20:20:23.091"/>
</kw>
<kw name="Login Should Success">
<arg>${valid-email}</arg>
<arg>${valid-password}</arg>
<kw name="Input Email" library="resource">
<arg>${email}</arg>
<kw name="Type Text" library="Browser">
<arg>css=[placeholder="Email"]</arg>
<arg>${email}</arg>
<tag>PageContent</tag>
<tag>Setter</tag>
<doc>Types the given ``txt`` into the text field found by ``selector``.</doc>
<msg timestamp="20210323 20:20:23.092" level="INFO">Types the text 'testi1@testi.fi' in the given field.</msg>
<status status="PASS" starttime="20210323 20:20:23.091" endtime="20210323 20:20:23.135"/>
</kw>
<status status="PASS" starttime="20210323 20:20:23.091" endtime="20210323 20:20:23.135"/>
</kw>
<kw name="Input Password" library="resource">
<arg>${password}</arg>
<kw name="Type Text" library="Browser">
<arg>css=[placeholder="Password"]</arg>
<arg>${password}</arg>
<tag>PageContent</tag>
<tag>Setter</tag>
<doc>Types the given ``txt`` into the text field found by ``selector``.</doc>
<msg timestamp="20210323 20:20:23.135" level="INFO">Types the text 'testi' in the given field.</msg>
<status status="PASS" starttime="20210323 20:20:23.135" endtime="20210323 20:20:23.155"/>
</kw>
<status status="PASS" starttime="20210323 20:20:23.135" endtime="20210323 20:20:23.155"/>
</kw>
<kw name="Submit" library="resource">
<kw name="Click" library="Browser">
<arg>css=[type="submit"]</arg>
<tag>PageContent</tag>
<tag>Setter</tag>
<doc>Simulates mouse click on the element found by ``selector``.</doc>
<status status="PASS" starttime="20210323 20:20:23.155" endtime="20210323 20:20:23.179"/>
</kw>
<status status="PASS" starttime="20210323 20:20:23.155" endtime="20210323 20:20:23.179"/>
</kw>
<kw name="Valid Login" library="resource">
<kw name="Get Element" library="Browser">
<arg>css=[class="ion-gear-a"]</arg>
<tag>Getter</tag>
<tag>PageContent</tag>
<doc>Returns a reference to a Playwright element handle.</doc>
<status status="PASS" starttime="20210323 20:20:23.180" endtime="20210323 20:20:23.381"/>
</kw>
<status status="PASS" starttime="20210323 20:20:23.179" endtime="20210323 20:20:23.381"/>
</kw>
<status status="PASS" starttime="20210323 20:20:23.091" endtime="20210323 20:20:23.381"/>
</kw>
<status status="PASS" starttime="20210323 20:20:22.940" endtime="20210323 20:20:23.381"/>
</test>
<kw name="Close Browser" library="Browser" type="TEARDOWN">
<tag>BrowserControl</tag>
<tag>Setter</tag>
<doc>Closes the current browser. Activated browser is set to first active browser.
Closes all context and pages belonging to this browser.
See `Browser, Context and Page` for more information about Browser and related concepts.</doc>
<msg timestamp="20210323 20:20:23.454" level="INFO">Closed browser</msg>
<status status="PASS" starttime="20210323 20:20:23.386" endtime="20210323 20:20:23.454"/>
</kw>
<status status="PASS" starttime="20210323 20:20:21.424" endtime="20210323 20:20:23.454"/>
</suite>
<statistics>
<total>
<stat pass="1" fail="0" skip="0">All Tests</stat>
</total>
<tag>
</tag>
<suite>
<stat pass="1" fail="0" skip="0" id="s1" name="Valid-Login">Valid-Login</stat>
</suite>
</statistics>
<errors>
<msg timestamp="20210323 20:20:21.727" level="WARN">Open Browser is for quick experimentation and debugging only. Use New Page for production.</msg>
</errors>
</robot>
